#
# A fatal error has been detected by the Java Runtime Environment:
#
#  EXCEPTION_ACCESS_VIOLATION (0xc0000005) at pc=0x00000000681bfca0, pid=7388, tid=0x0000000000001c5c
#
# JRE version: Java(TM) SE Runtime Environment (8.0_131-b11) (build 1.8.0_131-b11)
# Java VM: Java HotSpot(TM) 64-Bit Server VM (25.131-b11 mixed mode windows-amd64 compressed oops)
# Problematic frame:
# V  [jvm.dll+0xafca0]
#
# Failed to write core dump. Minidumps are not enabled by default on client versions of Windows
#
# If you would like to submit a bug report, please visit:
#   http://bugreport.java.com/bugreport/crash.jsp
#

---------------  T H R E A D  ---------------

Current thread (0x00000000033b8000):  GCTaskThread [stack: 0x0000000012bc0000,0x0000000012cc0000] [id=7260]

siginfo: ExceptionCode=0xc0000005, reading address 0x00000007f9000930

Registers:
RAX=0x0000000012fc0000, RBX=0x00000000c365c839, RCX=0x00000000c365c839, RDX=0x00000007f9000928
RSP=0x0000000012cbf5a8, RBP=0x000000000348c690, RSI=0x00000000c365c7e8, RDI=0x00000000c365c839
R8 =0x00000000000192e4, R9 =0x000000000348c690, R10=0x00000000000003b3, R11=0x00000000c365c858
R12=0x00000000c365c7f4, R13=0x00000000000000b7, R14=0x00000000c365c508, R15=0x00000000000000b7
RIP=0x00000000681bfca0, EFLAGS=0x0000000000010206

Top of Stack: (sp=0x0000000012cbf5a8)
0x0000000012cbf5a8:   000000006821b7b7 00000000c365c858
0x0000000012cbf5b8:   000000000348c690 00000000c365c7e4
0x0000000012cbf5c8:   0000000000000004 00000000c365c839
0x0000000012cbf5d8:   000000006824afaa 000000000000037a
0x0000000012cbf5e8:   000000006822504a 0000000100092990
0x0000000012cbf5f8:   00000000c36488c4 000000000348c690
0x0000000012cbf608:   000000006824b0b3 0000000000000000
0x0000000012cbf618:   00000000033b8550 00000000033ae310
0x0000000012cbf628:   0000000000000000 000000000000037a
0x0000000012cbf638:   0000000068508160 000000000348c690
0x0000000012cbf648:   0000000000000000 0000000068763518
0x0000000012cbf658:   0000000068763518 00000000c4f7b7c0
0x0000000012cbf668:   000000006850c058 000000006892c720
0x0000000012cbf678:   0000000000000005 0000000000000000
0x0000000012cbf688:   0000003900000741 00000000fd85a634
0x0000000012cbf698:   00000000682251c6 00000000c4f7b7c0 

Instructions: (pc=0x00000000681bfca0)
0x00000000681bfc80:   9c bc 1d 00 48 8b 9c 24 d0 00 00 00 48 81 c4 c0
0x00000000681bfc90:   00 00 00 5d c3 cc cc cc cc cc cc cc cc cc cc cc
0x00000000681bfca0:   44 8b 42 08 4c 8b ca 45 85 c0 7e 0e 41 f6 c0 01
0x00000000681bfcb0:   75 57 41 c1 f8 03 41 8b c0 c3 79 4d 80 3d ee d6 


Register to memory mapping:

RAX=0x0000000012fc0000 is an unknown value
RBX=0x00000000c365c839 is pointing into object: 0x00000000c365c838
com.android.dx.dex.code.CodeAddress 
 - klass: 'com/android/dx/dex/code/CodeAddress'
RCX=0x00000000c365c839 is pointing into object: 0x00000000c365c838
com.android.dx.dex.code.CodeAddress 
 - klass: 'com/android/dx/dex/code/CodeAddress'
RDX=0x00000007f9000928 is an unknown value
RSP=0x0000000012cbf5a8 is an unknown value
RBP=0x000000000348c690 is an unknown value
RSI=0x00000000c365c7e8 is pointing into object: 0x00000000c365c508
[Lcom.android.dx.dex.code.CodeAddress; 
 - klass: 'com/android/dx/dex/code/CodeAddress'[]
 - length: 183
RDI=0x00000000c365c839 is pointing into object: 0x00000000c365c838
com.android.dx.dex.code.CodeAddress 
 - klass: 'com/android/dx/dex/code/CodeAddress'
R8 =0x00000000000192e4 is an unknown value
R9 =0x000000000348c690 is an unknown value
R10=0x00000000000003b3 is an unknown value
R11=0x00000000c365c858 is an oop
com.android.dx.dex.code.CodeAddress 
 - klass: 'com/android/dx/dex/code/CodeAddress'
R12=0x00000000c365c7f4 is pointing into object: 0x00000000c365c508
[Lcom.android.dx.dex.code.CodeAddress; 
 - klass: 'com/android/dx/dex/code/CodeAddress'[]
 - length: 183
R13=0x00000000000000b7 is an unknown value
R14=0x00000000c365c508 is an oop
[Lcom.android.dx.dex.code.CodeAddress; 
 - klass: 'com/android/dx/dex/code/CodeAddress'[]
 - length: 183
R15=0x00000000000000b7 is an unknown value


Stack: [0x0000000012bc0000,0x0000000012cc0000],  sp=0x0000000012cbf5a8,  free space=1021k
Native frames: (J=compiled Java code, j=interpreted, Vv=VM code, C=native code)
V  [jvm.dll+0xafca0]


---------------  P R O C E S S  ---------------

Java Threads: ( => current thread )
  0x0000000017705000 JavaThread "pool-2-thread-1" [_thread_blocked, id=7424, stack(0x0000000017b90000,0x0000000017c90000)]
  0x0000000017704000 JavaThread "pool-1-thread-1" [_thread_blocked, id=7028, stack(0x0000000017a90000,0x0000000017b90000)]
  0x00000000174c0800 JavaThread "Service Thread" daemon [_thread_blocked, id=7972, stack(0x0000000017890000,0x0000000017990000)]
  0x0000000015b48800 JavaThread "C1 CompilerThread2" daemon [_thread_blocked, id=3756, stack(0x0000000017390000,0x0000000017490000)]
  0x0000000015b45000 JavaThread "C2 CompilerThread1" daemon [_thread_blocked, id=2328, stack(0x0000000017290000,0x0000000017390000)]
  0x0000000015b41800 JavaThread "C2 CompilerThread0" daemon [_thread_in_native, id=376, stack(0x0000000017190000,0x0000000017290000)]
  0x0000000015b3e000 JavaThread "Attach Listener" daemon [_thread_blocked, id=5964, stack(0x0000000017090000,0x0000000017190000)]
  0x0000000015b3d000 JavaThread "Signal Dispatcher" daemon [_thread_blocked, id=6748, stack(0x0000000016f90000,0x0000000017090000)]
  0x000000000349c000 JavaThread "Finalizer" daemon [_thread_blocked, id=1912, stack(0x0000000016db0000,0x0000000016eb0000)]
  0x0000000015b09000 JavaThread "Reference Handler" daemon [_thread_blocked, id=6380, stack(0x0000000016cb0000,0x0000000016db0000)]
  0x000000000317e800 JavaThread "main" [_thread_blocked, id=3220, stack(0x00000000032a0000,0x00000000033a0000)]

Other Threads:
  0x0000000015b07800 VMThread [stack: 0x0000000016bb0000,0x0000000016cb0000] [id=6704]
  0x0000000017501000 WatcherThread [stack: 0x0000000017990000,0x0000000017a90000] [id=3496]

=>0x00000000033b8000 (exited) GCTaskThread [stack: 0x0000000012bc0000,0x0000000012cc0000] [id=7260]

VM state:at safepoint (normal execution)

VM Mutex/Monitor currently owned by a thread:  ([mutex/lock_event])
[0x000000000317dd70] Threads_lock - owner thread: 0x0000000015b07800
[0x000000000317d270] Heap_lock - owner thread: 0x0000000017704000

Heap:
 PSYoungGen      total 251904K, used 31724K [0x00000000eac00000, 0x0000000100000000, 0x0000000100000000)
  eden space 220160K, 0% used [0x00000000eac00000,0x00000000eac00000,0x00000000f8300000)
  from space 31744K, 99% used [0x00000000fba80000,0x00000000fd97b2e0,0x00000000fd980000)
  to   space 56832K, 0% used [0x00000000f8300000,0x00000000f8300000,0x00000000fba80000)
 ParOldGen       total 95232K, used 94824K [0x00000000c0400000, 0x00000000c6100000, 0x00000000eac00000)
  object space 95232K, 99% used [0x00000000c0400000,0x00000000c609a138,0x00000000c6100000)
 Metaspace       used 6703K, capacity 7256K, committed 7424K, reserved 1056768K
  class space    used 642K, capacity 656K, committed 768K, reserved 1048576K

Card table byte_map: [0x0000000012860000,0x0000000012a60000] byte_map_base: 0x000000001225e000

Marking Bits: (ParMarkBitMap*) 0x000000006892c720
 Begin Bits: [0x0000000012fc0000, 0x0000000013fb0000)
 End Bits:   [0x0000000013fb0000, 0x0000000014fa0000)

Polling page: 0x00000000030b0000

CodeCache: size=245760Kb used=9464Kb max_used=9464Kb free=236295Kb
 bounds [0x00000000034a0000, 0x0000000003df0000, 0x00000000124a0000]
 total_blobs=2395 nmethods=2125 adapters=182
 compilation: enabled

Compilation events (10 events):
Event: 3.666 Thread 0x0000000015b45000 nmethod 2172 0x0000000003dda090 code [0x0000000003dda320, 0x0000000003ddc1b0]
Event: 3.666 Thread 0x0000000015b45000 2222       4       com.android.dx.ssa.LocalVariableExtractor::processBlock (383 bytes)
Event: 3.679 Thread 0x0000000015b48800 2229       1       java.util.concurrent.ThreadPoolExecutor::afterExecute (1 bytes)
Event: 3.679 Thread 0x0000000015b48800 nmethod 2229 0x0000000003d91d50 code [0x0000000003d91ea0, 0x0000000003d91fb0]
Event: 3.679 Thread 0x0000000015b48800 2230       1       java.util.concurrent.ThreadPoolExecutor::beforeExecute (1 bytes)
Event: 3.679 Thread 0x0000000015b48800 nmethod 2230 0x0000000003d8cb10 code [0x0000000003d8cc60, 0x0000000003d8cd70]
Event: 3.771 Thread 0x0000000015b48800 2233 %     3       com.android.dx.rop.code.LocalVariableExtractor::processBlock @ 266 (327 bytes)
Event: 3.773 Thread 0x0000000015b48800 nmethod 2233% 0x0000000003ddd7d0 code [0x0000000003dddc60, 0x0000000003de1818]
Event: 3.826 Thread 0x0000000015b48800 2234       3       com.android.dx.rop.code.LocalVariableExtractor::processBlock (327 bytes)
Event: 3.829 Thread 0x0000000015b48800 nmethod 2234 0x0000000003de3d10 code [0x0000000003de4180, 0x0000000003de7c18]

GC Heap History (10 events):
Event: 1.944 GC heap after
Heap after GC invocations=7 (full 0):
 PSYoungGen      total 144384K, used 15340K [0x00000000eac00000, 0x00000000fd800000, 0x0000000100000000)
  eden space 129024K, 0% used [0x00000000eac00000,0x00000000eac00000,0x00000000f2a00000)
  from space 15360K, 99% used [0x00000000f2a00000,0x00000000f38fb0b8,0x00000000f3900000)
  to   space 24576K, 0% used [0x00000000fc000000,0x00000000fc000000,0x00000000fd800000)
 ParOldGen       total 44032K, used 37448K [0x00000000c0400000, 0x00000000c2f00000, 0x00000000eac00000)
  object space 44032K, 85% used [0x00000000c0400000,0x00000000c2892148,0x00000000c2f00000)
 Metaspace       used 6576K, capacity 7256K, committed 7424K, reserved 1056768K
  class space    used 623K, capacity 656K, committed 768K, reserved 1048576K
}
Event: 1.944 GC heap before
{Heap before GC invocations=8 (full 1):
 PSYoungGen      total 144384K, used 15340K [0x00000000eac00000, 0x00000000fd800000, 0x0000000100000000)
  eden space 129024K, 0% used [0x00000000eac00000,0x00000000eac00000,0x00000000f2a00000)
  from space 15360K, 99% used [0x00000000f2a00000,0x00000000f38fb0b8,0x00000000f3900000)
  to   space 24576K, 0% used [0x00000000fc000000,0x00000000fc000000,0x00000000fd800000)
 ParOldGen       total 44032K, used 37448K [0x00000000c0400000, 0x00000000c2f00000, 0x00000000eac00000)
  object space 44032K, 85% used [0x00000000c0400000,0x00000000c2892148,0x00000000c2f00000)
 Metaspace       used 6576K, capacity 7256K, committed 7424K, reserved 1056768K
  class space    used 623K, capacity 656K, committed 768K, reserved 1048576K
Event: 2.143 GC heap after
Heap after GC invocations=8 (full 1):
 PSYoungGen      total 144384K, used 6112K [0x00000000eac00000, 0x00000000fd800000, 0x0000000100000000)
  eden space 129024K, 0% used [0x00000000eac00000,0x00000000eac00000,0x00000000f2a00000)
  from space 15360K, 39% used [0x00000000f2a00000,0x00000000f2ff80c8,0x00000000f3900000)
  to   space 24576K, 0% used [0x00000000fc000000,0x00000000fc000000,0x00000000fd800000)
 ParOldGen       total 84992K, used 43702K [0x00000000c0400000, 0x00000000c5700000, 0x00000000eac00000)
  object space 84992K, 51% used [0x00000000c0400000,0x00000000c2ead8b0,0x00000000c5700000)
 Metaspace       used 6576K, capacity 7256K, committed 7424K, reserved 1056768K
  class space    used 623K, capacity 656K, committed 768K, reserved 1048576K
}
Event: 2.556 GC heap before
{Heap before GC invocations=9 (full 1):
 PSYoungGen      total 144384K, used 135136K [0x00000000eac00000, 0x00000000fd800000, 0x0000000100000000)
  eden space 129024K, 100% used [0x00000000eac00000,0x00000000f2a00000,0x00000000f2a00000)
  from space 15360K, 39% used [0x00000000f2a00000,0x00000000f2ff80c8,0x00000000f3900000)
  to   space 24576K, 0% used [0x00000000fc000000,0x00000000fc000000,0x00000000fd800000)
 ParOldGen       total 84992K, used 43702K [0x00000000c0400000, 0x00000000c5700000, 0x00000000eac00000)
  object space 84992K, 51% used [0x00000000c0400000,0x00000000c2ead8b0,0x00000000c5700000)
 Metaspace       used 6679K, capacity 7256K, committed 7424K, reserved 1056768K
  class space    used 642K, capacity 656K, committed 768K, reserved 1048576K
Event: 2.587 GC heap after
Heap after GC invocations=9 (full 1):
 PSYoungGen      total 202240K, used 24545K [0x00000000eac00000, 0x00000000fd800000, 0x0000000100000000)
  eden space 177664K, 0% used [0x00000000eac00000,0x00000000eac00000,0x00000000f5980000)
  from space 24576K, 99% used [0x00000000fc000000,0x00000000fd7f86f0,0x00000000fd800000)
  to   space 30208K, 0% used [0x00000000f9d00000,0x00000000f9d00000,0x00000000fba80000)
 ParOldGen       total 84992K, used 46077K [0x00000000c0400000, 0x00000000c5700000, 0x00000000eac00000)
  object space 84992K, 54% used [0x00000000c0400000,0x00000000c30ff618,0x00000000c5700000)
 Metaspace       used 6679K, capacity 7256K, committed 7424K, reserved 1056768K
  class space    used 642K, capacity 656K, committed 768K, reserved 1048576K
}
Event: 3.123 GC heap before
{Heap before GC invocations=10 (full 1):
 PSYoungGen      total 202240K, used 202209K [0x00000000eac00000, 0x00000000fd800000, 0x0000000100000000)
  eden space 177664K, 100% used [0x00000000eac00000,0x00000000f5980000,0x00000000f5980000)
  from space 24576K, 99% used [0x00000000fc000000,0x00000000fd7f86f0,0x00000000fd800000)
  to   space 30208K, 0% used [0x00000000f9d00000,0x00000000f9d00000,0x00000000fba80000)
 ParOldGen       total 84992K, used 46077K [0x00000000c0400000, 0x00000000c5700000, 0x00000000eac00000)
  object space 84992K, 54% used [0x00000000c0400000,0x00000000c30ff618,0x00000000c5700000)
 Metaspace       used 6695K, capacity 7256K, committed 7424K, reserved 1056768K
  class space    used 642K, capacity 656K, committed 768K, reserved 1048576K
Event: 3.183 GC heap after
Heap after GC invocations=10 (full 1):
 PSYoungGen      total 252928K, used 30177K [0x00000000eac00000, 0x00000000fd980000, 0x0000000100000000)
  eden space 222720K, 0% used [0x00000000eac00000,0x00000000eac00000,0x00000000f8580000)
  from space 30208K, 99% used [0x00000000f9d00000,0x00000000fba78778,0x00000000fba80000)
  to   space 31744K, 0% used [0x00000000fba80000,0x00000000fba80000,0x00000000fd980000)
 ParOldGen       total 84992K, used 65757K [0x00000000c0400000, 0x00000000c5700000, 0x00000000eac00000)
  object space 84992K, 77% used [0x00000000c0400000,0x00000000c44377c0,0x00000000c5700000)
 Metaspace       used 6695K, capacity 7256K, committed 7424K, reserved 1056768K
  class space    used 642K, capacity 656K, committed 768K, reserved 1048576K
}
Event: 3.842 GC heap before
{Heap before GC invocations=11 (full 1):
 PSYoungGen      total 252928K, used 252897K [0x00000000eac00000, 0x00000000fd980000, 0x0000000100000000)
  eden space 222720K, 100% used [0x00000000eac00000,0x00000000f8580000,0x00000000f8580000)
  from space 30208K, 99% used [0x00000000f9d00000,0x00000000fba78778,0x00000000fba80000)
  to   space 31744K, 0% used [0x00000000fba80000,0x00000000fba80000,0x00000000fd980000)
 ParOldGen       total 84992K, used 65757K [0x00000000c0400000, 0x00000000c5700000, 0x00000000eac00000)
  object space 84992K, 77% used [0x00000000c0400000,0x00000000c44377c0,0x00000000c5700000)
 Metaspace       used 6703K, capacity 7256K, committed 7424K, reserved 1056768K
  class space    used 642K, capacity 656K, committed 768K, reserved 1048576K
Event: 3.952 GC heap after
Heap after GC invocations=11 (full 1):
 PSYoungGen      total 251904K, used 31724K [0x00000000eac00000, 0x0000000100000000, 0x0000000100000000)
  eden space 220160K, 0% used [0x00000000eac00000,0x00000000eac00000,0x00000000f8300000)
  from space 31744K, 99% used [0x00000000fba80000,0x00000000fd97b2e0,0x00000000fd980000)
  to   space 56832K, 0% used [0x00000000f8300000,0x00000000f8300000,0x00000000fba80000)
 ParOldGen       total 95232K, used 94824K [0x00000000c0400000, 0x00000000c6100000, 0x00000000eac00000)
  object space 95232K, 99% used [0x00000000c0400000,0x00000000c609a138,0x00000000c6100000)
 Metaspace       used 6703K, capacity 7256K, committed 7424K, reserved 1056768K
  class space    used 642K, capacity 656K, committed 768K, reserved 1048576K
}
Event: 3.952 GC heap before
{Heap before GC invocations=12 (full 2):
 PSYoungGen      total 251904K, used 31724K [0x00000000eac00000, 0x0000000100000000, 0x0000000100000000)
  eden space 220160K, 0% used [0x00000000eac00000,0x00000000eac00000,0x00000000f8300000)
  from space 31744K, 99% used [0x00000000fba80000,0x00000000fd97b2e0,0x00000000fd980000)
  to   space 56832K, 0% used [0x00000000f8300000,0x00000000f8300000,0x00000000fba80000)
 ParOldGen       total 95232K, used 94824K [0x00000000c0400000, 0x00000000c6100000, 0x00000000eac00000)
  object space 95232K, 99% used [0x00000000c0400000,0x00000000c609a138,0x00000000c6100000)
 Metaspace       used 6703K, capacity 7256K, committed 7424K, reserved 1056768K
  class space    used 642K, capacity 656K, committed 768K, reserved 1048576K

Deoptimization events (10 events):
Event: 2.362 Thread 0x0000000017704000 Uncommon trap: reason=unstable_if action=reinterpret pc=0x0000000003c4b3b0 method=java.util.HashMap.putVal(ILjava/lang/Object;Ljava/lang/Object;ZZ)Ljava/lang/Object; @ 162
Event: 2.365 Thread 0x0000000017704000 Uncommon trap: reason=unstable_if action=reinterpret pc=0x0000000003c04f4c method=java.util.HashMap.getNode(ILjava/lang/Object;)Ljava/util/HashMap$Node; @ 84
Event: 2.605 Thread 0x0000000017704000 Uncommon trap: reason=unstable_if action=reinterpret pc=0x0000000003cf0474 method=com.android.dx.rop.code.RegisterSpec.equals(ILcom/android/dx/rop/type/TypeBearer;Lcom/android/dx/rop/code/LocalItem;)Z @ 42
Event: 2.622 Thread 0x000000000317e800 Uncommon trap: reason=unstable_if action=reinterpret pc=0x0000000003cd010c method=java.util.HashMap.getNode(ILjava/lang/Object;)Ljava/util/HashMap$Node; @ 84
Event: 3.429 Thread 0x0000000017704000 Uncommon trap: reason=unstable_if action=reinterpret pc=0x0000000003c91330 method=java.util.HashMap.getNode(ILjava/lang/Object;)Ljava/util/HashMap$Node; @ 84
Event: 3.481 Thread 0x000000000317e800 Uncommon trap: reason=null_check action=make_not_entrant pc=0x0000000003da6b3c method=com.android.dx.cf.code.Ropper$CatchInfo.getSetup(Lcom/android/dx/rop/type/Type;)Lcom/android/dx/cf/code/Ropper$ExceptionHandlerSetup; @ 10
Event: 3.588 Thread 0x0000000017704000 Uncommon trap: reason=unstable_if action=reinterpret pc=0x0000000003be336c method=java.util.HashMap.getNode(ILjava/lang/Object;)Ljava/util/HashMap$Node; @ 84
Event: 3.630 Thread 0x0000000017704000 Uncommon trap: reason=unstable_if action=reinterpret pc=0x0000000003dd12dc method=com.android.dx.ssa.NormalSsaInsn.getLocalAssignment()Lcom/android/dx/rop/code/RegisterSpec; @ 12
Event: 3.648 Thread 0x000000000317e800 Uncommon trap: reason=unstable_if action=reinterpret pc=0x0000000003c994fc method=com.android.dx.rop.code.RegisterSpecSet.<init>(I)V @ 2
Event: 3.648 Thread 0x000000000317e800 Uncommon trap: reason=unstable_if action=reinterpret pc=0x0000000003b77cb4 method=com.android.dx.rop.code.RegisterSpecSet.<init>(I)V @ 2

Internal exceptions (7 events):
Event: 0.022 Thread 0x000000000317e800 Exception <a 'java/lang/NoSuchMethodError': Method sun.misc.Unsafe.defineClass(Ljava/lang/String;[BII)Ljava/lang/Class; name or signature does not match> (0x00000000eac07ca8) thrown at [C:\re\workspace\8-2-build-windows-amd64-cygwin\jdk8u131\8869\hotspot\
Event: 0.022 Thread 0x000000000317e800 Exception <a 'java/lang/NoSuchMethodError': Method sun.misc.Unsafe.prefetchRead(Ljava/lang/Object;J)V name or signature does not match> (0x00000000eac07f90) thrown at [C:\re\workspace\8-2-build-windows-amd64-cygwin\jdk8u131\8869\hotspot\src\share\vm\prims
Event: 0.963 Thread 0x0000000017704000 Implicit null exception at 0x0000000003779a22 to 0x0000000003779b12
Event: 2.364 Thread 0x0000000017704000 Exception <a 'java/lang/ArrayIndexOutOfBoundsException': 18> (0x00000000eee73300) thrown at [C:\re\workspace\8-2-build-windows-amd64-cygwin\jdk8u131\8869\hotspot\src\share\vm\interpreter\interpreterRuntime.cpp, line 366]
Event: 2.364 Thread 0x0000000017704000 Exception <a 'java/lang/ArrayIndexOutOfBoundsException': 145> (0x00000000eee74e80) thrown at [C:\re\workspace\8-2-build-windows-amd64-cygwin\jdk8u131\8869\hotspot\src\share\vm\interpreter\interpreterRuntime.cpp, line 366]
Event: 2.365 Thread 0x0000000017704000 Exception <a 'java/lang/ArrayIndexOutOfBoundsException'> (0x00000000eee76168) thrown at [C:\re\workspace\8-2-build-windows-amd64-cygwin\jdk8u131\8869\hotspot\src\share\vm\runtime\sharedRuntime.cpp, line 605]
Event: 3.480 Thread 0x000000000317e800 Implicit null exception at 0x0000000003d9e0e0 to 0x0000000003da6af5

Events (10 events):
Event: 3.648 Thread 0x000000000317e800 DEOPT PACKING pc=0x0000000003c994fc sp=0x000000000339e3a0
Event: 3.648 Thread 0x000000000317e800 DEOPT UNPACKING pc=0x00000000034e582a sp=0x000000000339e2d8 mode 2
Event: 3.648 Thread 0x000000000317e800 Uncommon trap: trap_request=0xffffff65 fr.pc=0x0000000003b77cb4
Event: 3.648 Thread 0x000000000317e800 DEOPT PACKING pc=0x0000000003b77cb4 sp=0x000000000339e300
Event: 3.648 Thread 0x000000000317e800 DEOPT UNPACKING pc=0x00000000034e582a sp=0x000000000339e248 mode 2
Event: 3.706 Thread 0x0000000017704000 DEOPT PACKING pc=0x0000000003cfe92c sp=0x0000000017b8ec50
Event: 3.706 Thread 0x0000000017704000 DEOPT UNPACKING pc=0x00000000034e787f sp=0x0000000017b8e9d0 mode 0
Event: 3.803 Thread 0x000000000317e800 DEOPT PACKING pc=0x0000000003cfe92c sp=0x000000000339e1e0
Event: 3.803 Thread 0x000000000317e800 DEOPT UNPACKING pc=0x00000000034e787f sp=0x000000000339df60 mode 0
Event: 3.842 Executing VM operation: ParallelGCFailedAllocation


Dynamic libraries:
0x00007ff660730000 - 0x00007ff660767000 	C:\Program Files\Java\jdk1.8.0_131\bin\java.exe
0x00007ffc5d590000 - 0x00007ffc5d751000 	C:\WINDOWS\SYSTEM32\ntdll.dll
0x00007ffc5cc30000 - 0x00007ffc5ccdd000 	C:\WINDOWS\system32\KERNEL32.DLL
0x00007ffc59c40000 - 0x00007ffc59e28000 	C:\WINDOWS\system32\KERNELBASE.dll
0x00007ffc5c110000 - 0x00007ffc5c1b7000 	C:\WINDOWS\system32\ADVAPI32.dll
0x00007ffc5c870000 - 0x00007ffc5c90d000 	C:\WINDOWS\system32\msvcrt.dll
0x00007ffc5c040000 - 0x00007ffc5c09b000 	C:\WINDOWS\system32\sechost.dll
0x00007ffc5c1c0000 - 0x00007ffc5c2dc000 	C:\WINDOWS\system32\RPCRT4.dll
0x00007ffc5cad0000 - 0x00007ffc5cc26000 	C:\WINDOWS\system32\USER32.dll
0x00007ffc5d330000 - 0x00007ffc5d4b6000 	C:\WINDOWS\system32\GDI32.dll
0x00007ffc54fe0000 - 0x00007ffc55254000 	C:\WINDOWS\WinSxS\amd64_microsoft.windows.common-controls_6595b64144ccf1df_6.0.10586.494_none_a2d8b04ea53e3145\COMCTL32.dll
0x00007ffc5c450000 - 0x00007ffc5c6cd000 	C:\WINDOWS\system32\combase.dll
0x00007ffc5a920000 - 0x00007ffc5a98a000 	C:\WINDOWS\system32\bcryptPrimitives.dll
0x00007ffc5aaa0000 - 0x00007ffc5aadb000 	C:\WINDOWS\system32\IMM32.DLL
0x00000000689b0000 - 0x0000000068a82000 	C:\Program Files\Java\jdk1.8.0_131\jre\bin\msvcr100.dll
0x0000000068110000 - 0x00000000689ac000 	C:\Program Files\Java\jdk1.8.0_131\jre\bin\server\jvm.dll
0x00007ffc5c2e0000 - 0x00007ffc5c2e8000 	C:\WINDOWS\system32\PSAPI.DLL
0x00007ffc57f90000 - 0x00007ffc57fb3000 	C:\WINDOWS\SYSTEM32\WINMM.dll
0x00007ffc4dea0000 - 0x00007ffc4dea9000 	C:\WINDOWS\SYSTEM32\WSOCK32.dll
0x00007ffc56400000 - 0x00007ffc5640a000 	C:\WINDOWS\SYSTEM32\VERSION.dll
0x00007ffc5c800000 - 0x00007ffc5c86b000 	C:\WINDOWS\system32\WS2_32.dll
0x00007ffc57f00000 - 0x00007ffc57f2c000 	C:\WINDOWS\SYSTEM32\WINMMBASE.dll
0x00007ffc59e30000 - 0x00007ffc59e73000 	C:\WINDOWS\system32\cfgmgr32.dll
0x0000000068100000 - 0x000000006810f000 	C:\Program Files\Java\jdk1.8.0_131\jre\bin\verify.dll
0x00000000680d0000 - 0x00000000680f9000 	C:\Program Files\Java\jdk1.8.0_131\jre\bin\java.dll
0x00000000680b0000 - 0x00000000680c6000 	C:\Program Files\Java\jdk1.8.0_131\jre\bin\zip.dll
0x00007ffc5aae0000 - 0x00007ffc5c03c000 	C:\WINDOWS\system32\SHELL32.dll
0x00007ffc5a010000 - 0x00007ffc5a655000 	C:\WINDOWS\system32\windows.storage.dll
0x00007ffc5c0b0000 - 0x00007ffc5c102000 	C:\WINDOWS\system32\shlwapi.dll
0x00007ffc59bb0000 - 0x00007ffc59bbf000 	C:\WINDOWS\system32\kernel.appcore.dll
0x00007ffc59f50000 - 0x00007ffc5a005000 	C:\WINDOWS\system32\shcore.dll
0x00007ffc59bd0000 - 0x00007ffc59c1b000 	C:\WINDOWS\system32\powrprof.dll
0x00007ffc59c20000 - 0x00007ffc59c34000 	C:\WINDOWS\system32\profapi.dll
0x00007ffc33c80000 - 0x00007ffc33e0c000 	C:\WINDOWS\SYSTEM32\dbghelp.dll

VM Arguments:
java_command: C:\Program Files (x86)\Android\android-sdk\build-tools\23.0.3\\lib\dx.jar --no-strict --dex --output=obj\Debug\android\bin obj\Debug\android\bin\classes C:\Program Files (x86)\Microsoft Visual Studio\2017\Community\Common7\IDE\ReferenceAssemblies\Microsoft\Framework\MonoAndroid\v6.0\mono.android.jar obj\Debug\__library_projects__\FormsViewGroup\library_project_imports\formsviewgroup.jar C:\Users\magda\AppData\Local\Xamarin\Xamarin.Android.Support.Animated.Vector.Drawable\23.3.0.0\embedded\classes.jar C:\Users\magda\AppData\Local\Xamarin\Xamarin.Android.Support.Design\23.3.0.0\embedded\classes.jar C:\Users\magda\AppData\Local\Xamarin\Xamarin.Android.Support.v4\23.3.0.0\embedded\classes.jar C:\Users\magda\AppData\Local\Xamarin\Xamarin.Android.Support.v4\23.3.0.0\embedded\libs\internal_impl-23.3.0.jar C:\Users\magda\AppData\Local\Xamarin\Xamarin.Android.Support.v7.AppCompat\23.3.0.0\embedded\classes.jar C:\Users\magda\AppData\Local\Xamarin\Xamarin.Android.Support.v7.CardView\23.3.0.0\embedded\classes.jar C:\Users\magda\AppData\Local\Xamarin\Xamarin.Android.Support.v7.MediaRouter\23.3.0.0\embedded\classes.jar C:\Users\magda\AppData\Local\Xamarin\Xamarin.Android.Support.v7.MediaRouter\23.3.0.0\embedded\libs\internal_impl-23.3.0.jar C:\Users\magda\AppData\Local\Xamarin\Xamarin.Android.Support.v7.RecyclerView\23.3.0.0\embedded\classes.jar C:\Users\magda\AppData\Local\Xamarin\Xamarin.Android.Support.Vector.Drawable\23.3.0.0\embedded\classes.jar C:\Users\magda\AppData\Local\Xamarin\Xamarin.GooglePlayServices.Base\8.4.0\embedded\classes.jar C:\Users\magda\AppData\Local\Xamarin\Xamarin.GooglePlayServices.Basement\8.4.0\embedded\classes.jar C:\Users\magda\AppData\Local\Xamarin\Xamarin.GooglePlayServices.Maps\8.4.0\embedded\classes.jar
java_class_path (initial): C:\Program Files (x86)\Android\android-sdk\build-tools\23.0.3\\lib\dx.jar
Launcher Type: SUN_STANDARD

Environment Variables:
PATH=C:\Program Files\Java\jdk1.8.0_131\bin;C:\WINDOWS\system32;C:\WINDOWS;C:\WINDOWS\System32\Wbem;C:\WINDOWS\System32\WindowsPowerShell\v1.0\;C:\Program Files\Microsoft SQL Server\110\Tools\Binn\;c:\Program Files (x86)\Microsoft SQL Server\100\Tools\Binn\VSShell\Common7\IDE\;c:\Program Files (x86)\Microsoft SQL Server\100\Tools\Binn\;c:\Program Files\Microsoft SQL Server\100\Tools\Binn\;c:\Program Files (x86)\Microsoft SQL Server\100\DTS\Binn\;C:\Program Files\nodejs\;C:\Program Files\Microsoft SQL Server\Client SDK\ODBC\110\Tools\Binn\;C:\Program Files (x86)\Microsoft SQL Server\120\Tools\Binn\;C:\Program Files\Microsoft SQL Server\120\Tools\Binn\;C:\Program Files\Microsoft SQL Server\120\DTS\Binn\;C:\Program Files (x86)\Microsoft SQL Server\120\Tools\Binn\ManagementStudio\;C:\Program Files (x86)\Microsoft SQL Server\120\DTS\Binn\;C:\Program Files (x86)\Skype\Phone\;C:\Program Files\Git\cmd;C:\Users\mehdi\AppData\Roaming\npm;C:\Program Files\Microsoft\Web Platform Installer\;C:\Program Files (x86)\Microsoft SDKs\TypeScript\1.0\;C:\WINDOWS\system32\config\systemprofile\.dnx\bin;C:\Program Files\Microsoft DNX\Dnvm\;C:\Program Files\Microsoft SQL Server\130\Tools\Binn\
USERNAME=magda
OS=Windows_NT
PROCESSOR_IDENTIFIER=Intel64 Family 6 Model 42 Stepping 7, GenuineIntel



---------------  S Y S T E M  ---------------

OS: Windows 10.0 , 64 bit Build 10586 (10.0.10586.0)

CPU:total 4 (initial active 4) (4 cores per cpu, 1 threads per core) family 6 model 42 stepping 7, cmov, cx8, fxsr, mmx, sse, sse2, sse3, ssse3, sse4.1, sse4.2, popcnt, avx, aes, clmul, tsc, tscinvbit

Memory: 4k page, physical 4176576k(620964k free), swap 6929088k(1094232k free)

vm_info: Java HotSpot(TM) 64-Bit Server VM (25.131-b11) for windows-amd64 JRE (1.8.0_131-b11), built on Mar 15 2017 01:23:53 by "java_re" with MS VC++ 10.0 (VS2010)

time: Wed Sep 20 14:49:53 2017
elapsed time: 4 seconds (0d 0h 0m 4s)

